<?xml version="1.0" encoding="UTF-8"?>
<testng-results ignored="0" total="1" passed="1" failed="0" skipped="0">
  <reporter-output>
  </reporter-output>
  <suite started-at="2024-02-11T12:26:24 IST" name="Suite" finished-at="2024-02-11T12:26:24 IST" duration-ms="97">
    <groups>
    </groups>
    <test started-at="2024-02-11T12:26:24 IST" name="Test1" finished-at="2024-02-11T12:26:24 IST" duration-ms="97">
      <class name="Class43_testNG.pgm2">
        <test-method signature="pgm2(java.lang.String,java.lang.String)[pri:0, instance:Class43_testNG.pgm2@b9b00e0]" started-at="2024-02-11T12:26:24 IST" name="pgm2" finished-at="2024-02-11T12:26:24 IST" duration-ms="13" status="PASS">
          <params>
            <param index="0">
              <value>
                <![CDATA[Chrome]]>
              </value>
            </param>
            <param index="1">
              <value>
                <![CDATA[https://www.google.com]]>
              </value>
            </param>
          </params>
          <reporter-output>
          </reporter-output>
        </test-method> <!-- pgm2 -->
      </class> <!-- Class43_testNG.pgm2 -->
    </test> <!-- Test1 -->
  </suite> <!-- Suite -->
</testng-results>
